0 info it worked if it ends with ok
1 verbose cli [ 'c:\\Program Files\\nodejs\\node.exe',
1 verbose cli   'c:\\Program Files\\nodejs\\node_modules\\npm\\bin\\npm-cli.js',
1 verbose cli   'run',
1 verbose cli   'dev-server' ]
2 info using npm@2.14.2
3 info using node@v4.0.0
4 verbose run-script [ 'predev-server', 'dev-server', 'postdev-server' ]
5 info predev-server tripeaks@1.0.0
6 info dev-server tripeaks@1.0.0
7 verbose unsafe-perm in lifecycle true
8 info tripeaks@1.0.0 Failed to exec dev-server script
9 verbose stack Error: tripeaks@1.0.0 dev-server: `webpack-dev-server --hot --inline --progress --colors --port 8080`
9 verbose stack Exit status 1
9 verbose stack     at EventEmitter.<anonymous> (c:\Program Files\nodejs\node_modules\npm\lib\utils\lifecycle.js:214:16)
9 verbose stack     at emitTwo (events.js:87:13)
9 verbose stack     at EventEmitter.emit (events.js:172:7)
9 verbose stack     at ChildProcess.<anonymous> (c:\Program Files\nodejs\node_modules\npm\lib\utils\spawn.js:24:14)
9 verbose stack     at emitTwo (events.js:87:13)
9 verbose stack     at ChildProcess.emit (events.js:172:7)
9 verbose stack     at maybeClose (internal/child_process.js:817:16)
9 verbose stack     at Process.ChildProcess._handle.onexit (internal/child_process.js:211:5)
10 verbose pkgid tripeaks@1.0.0
11 verbose cwd c:\Users\panda\Desktop\github\card
12 error Windows_NT 10.0.10586
13 error argv "c:\\Program Files\\nodejs\\node.exe" "c:\\Program Files\\nodejs\\node_modules\\npm\\bin\\npm-cli.js" "run" "dev-server"
14 error node v4.0.0
15 error npm  v2.14.2
16 error code ELIFECYCLE
17 error tripeaks@1.0.0 dev-server: `webpack-dev-server --hot --inline --progress --colors --port 8080`
17 error Exit status 1
18 error Failed at the tripeaks@1.0.0 dev-server script 'webpack-dev-server --hot --inline --progress --colors --port 8080'.
18 error This is most likely a problem with the tripeaks package,
18 error not with npm itself.
18 error Tell the author that this fails on your system:
18 error     webpack-dev-server --hot --inline --progress --colors --port 8080
18 error You can get their info via:
18 error     npm owner ls tripeaks
18 error There is likely additional logging output above.
19 verbose exit [ 1, true ]
